[2025-05-30 13:35:51,708] 1025 httpx -INFO -HTTP Request: GET https://dagshub.com/api/v1/user "HTTP/1.1 200 OK"
[2025-05-30 13:35:51,782] 107 dagshub -INFO -Accessing as SamyakAnand
[2025-05-30 13:35:52,345] 1025 httpx -INFO -HTTP Request: GET https://dagshub.com/api/v1/repos/SamyakAnand/Health-App "HTTP/1.1 200 OK"
[2025-05-30 13:35:52,989] 1025 httpx -INFO -HTTP Request: GET https://dagshub.com/api/v1/user "HTTP/1.1 200 OK"
[2025-05-30 13:35:52,991] 107 dagshub -INFO -Initialized MLflow to track repo "SamyakAnand/Health-App"
[2025-05-30 13:35:52,992] 107 dagshub -INFO -Repository SamyakAnand/Health-App initialized!
[2025-05-30 13:35:52,992] 14 root -INFO -Initiate the data ingestion
[2025-05-30 13:35:59,965] 65 root -INFO -Performed train test split on the dataframe
[2025-05-30 13:35:59,965] 67 root -INFO -Exited split_data_as_train_test method of Data_Ingestion class
[2025-05-30 13:35:59,966] 75 root -INFO -Exporting train and test file path.
[2025-05-30 13:35:59,968] 84 root -INFO -Exported train and test file path.
[2025-05-30 13:35:59,968] 16 root -INFO -Data Initiation Completed
[2025-05-30 13:35:59,975] 20 root -INFO -Initiate the data validation
[2025-05-30 13:35:59,998] 41 root -INFO -Required number of columns:5
[2025-05-30 13:35:59,998] 42 root -INFO -Data frame has columns:11 
[2025-05-30 13:35:59,998] 41 root -INFO -Required number of columns:5
[2025-05-30 13:35:59,998] 42 root -INFO -Data frame has columns:11 
[2025-05-30 13:36:00,023] 22 root -INFO -Completed the data validation
[2025-05-30 13:36:00,023] 26 root -INFO -data transformation started
[2025-05-30 13:36:00,023] 32 root -INFO -Starting liver data transformation process...
[2025-05-30 13:36:00,025] 36 root -INFO -Data shape: (466, 11)
[2025-05-30 13:36:00,026] 41 root -INFO -Converted Gender column to numeric.
[2025-05-30 13:36:00,028] 55 root -INFO -Extracted feature set X: (466, 7) and target y: (466,)
[2025-05-30 13:36:00,030] 61 root -INFO -Training set shape: X: (326, 7), y: (326,)
[2025-05-30 13:36:00,030] 62 root -INFO -Testing set shape: X: (140, 7), y: (140,)
[2025-05-30 13:36:00,031] 46 root -INFO -Entered the save_object method of MainUtils class
[2025-05-30 13:36:00,032] 50 root -INFO -Exited the save_object method of MainUtils class
[2025-05-30 13:36:00,032] 72 root -INFO -Saved transformed training and testing data.
[2025-05-30 13:36:00,032] 30 root -INFO -data transformation completed
[2025-05-30 13:36:00,032] 32 root -INFO -Model Trainng started
