[2025-05-30 23:21:00,145] 1025 httpx -INFO -HTTP Request: GET https://dagshub.com/api/v1/user "HTTP/1.1 200 OK"
[2025-05-30 23:21:00,150] 107 dagshub -INFO -Accessing as SamyakAnand
[2025-05-30 23:21:00,711] 1025 httpx -INFO -HTTP Request: GET https://dagshub.com/api/v1/repos/SamyakAnand/Health-App "HTTP/1.1 200 OK"
[2025-05-30 23:21:01,265] 1025 httpx -INFO -HTTP Request: GET https://dagshub.com/api/v1/user "HTTP/1.1 200 OK"
[2025-05-30 23:21:01,267] 107 dagshub -INFO -Initialized MLflow to track repo "SamyakAnand/Health-App"
[2025-05-30 23:21:01,268] 107 dagshub -INFO -Repository SamyakAnand/Health-App initialized!
[2025-05-30 23:21:01,269] 14 root -INFO -Initiate the data ingestion
[2025-05-30 23:21:08,311] 43 root -INFO -MongoDB Columns: ['_id', 'id', 'diagnosis', 'radius_mean', 'texture_mean', 'perimeter_mean', 'area_mean', 'smoothness_mean', 'compactness_mean', 'concavity_mean', 'concave points_mean', 'symmetry_mean', 'fractal_dimension_mean', 'radius_se', 'texture_se', 'perimeter_se', 'area_se', 'smoothness_se', 'compactness_se', 'concavity_se', 'concave points_se', 'symmetry_se', 'fractal_dimension_se', 'radius_worst', 'texture_worst', 'perimeter_worst', 'area_worst', 'smoothness_worst', 'compactness_worst', 'concavity_worst', 'concave points_worst', 'symmetry_worst', 'fractal_dimension_worst', 'Unnamed: 32']
[2025-05-30 23:21:08,315] 69 root -INFO -Dataframe shape after MongoDB fetch and cleaning: (569, 6)
[2025-05-30 23:21:08,320] 86 root -INFO -Data saved into feature store at healthapp/Cancer\Artifacts\05_30_2025_23_20_56\data_ingestion\feature_store\cancer.csv
[2025-05-30 23:21:08,320] 99 root -INFO -Performed train-test split on the dataframe.
[2025-05-30 23:21:08,322] 107 root -INFO -Exported train and test datasets successfully.
[2025-05-30 23:21:08,323] 16 root -INFO -Data Initiation Completed
[2025-05-30 23:21:08,330] 20 root -INFO -Initiate the data validation
[2025-05-30 23:21:08,356] 41 root -INFO -Required number of columns:5
[2025-05-30 23:21:08,356] 42 root -INFO -Data frame has columns:6 
[2025-05-30 23:21:08,356] 41 root -INFO -Required number of columns:5
[2025-05-30 23:21:08,356] 42 root -INFO -Data frame has columns:6 
[2025-05-30 23:21:08,372] 22 root -INFO -Completed the data validation
[2025-05-30 23:21:08,372] 26 root -INFO -data transformation started
[2025-05-30 23:21:08,372] 94 root -INFO -Starting cancer data transformation process...
[2025-05-30 23:21:08,374] 44 root -INFO -Columns in validated data: ['concave points_mean', 'area_mean', 'radius_mean', 'perimeter_mean', 'concavity_mean', 'diagnosis']
[2025-05-30 23:21:08,375] 44 root -INFO -Columns in validated data: ['concave points_mean', 'area_mean', 'radius_mean', 'perimeter_mean', 'concavity_mean', 'diagnosis']
[2025-05-30 23:21:08,376] 100 root -INFO -Training data shape: (455, 5), Testing data shape: (114, 5)
[2025-05-30 23:21:08,377] 69 root -INFO -Initializing transformation pipeline for numerical data...
[2025-05-30 23:21:08,383] 46 root -INFO -Entered the save_object method of MainUtils class
[2025-05-30 23:21:08,384] 50 root -INFO -Exited the save_object method of MainUtils class
[2025-05-30 23:21:08,384] 46 root -INFO -Entered the save_object method of MainUtils class
[2025-05-30 23:21:08,384] 50 root -INFO -Exited the save_object method of MainUtils class
[2025-05-30 23:21:08,384] 121 root -INFO -\u2705 Cancer preprocessor saved successfully!
[2025-05-30 23:21:08,385] 30 root -INFO -data transformation completed
[2025-05-30 23:21:08,385] 32 root -INFO -Model Trainng started
[2025-05-30 23:22:16,570] 46 root -INFO -Entered the save_object method of MainUtils class
[2025-05-30 23:22:16,570] 50 root -INFO -Exited the save_object method of MainUtils class
[2025-05-30 23:22:16,570] 46 root -INFO -Entered the save_object method of MainUtils class
[2025-05-30 23:22:16,572] 50 root -INFO -Exited the save_object method of MainUtils class
[2025-05-30 23:22:16,572] 130 root -INFO -Best Model: SVC
[2025-05-30 23:22:16,572] 137 root -INFO -Model trainer artifact: ModelTrainerArtifact(trained_model_file_path='healthapp/Cancer\\Artifacts\\05_30_2025_23_20_56\\model_trainer\\trained_model\\cancer_model.pkl', train_metric_artifact=ClassificationMetricArtifact(f1_score=0.9135802469135802, precision_score=0.961038961038961, recall_score=0.8705882352941177), test_metric_artifact=ClassificationMetricArtifact(f1_score=0.925, precision_score=0.9736842105263158, recall_score=0.8809523809523809))
