[2025-05-30 00:10:59,946] 1025 httpx -INFO -HTTP Request: GET https://dagshub.com/api/v1/user "HTTP/1.1 200 OK"
[2025-05-30 00:10:59,953] 107 dagshub -INFO -Accessing as SamyakAnand
[2025-05-30 00:11:00,476] 1025 httpx -INFO -HTTP Request: GET https://dagshub.com/api/v1/repos/SamyakAnand/Health-App "HTTP/1.1 200 OK"
[2025-05-30 00:11:00,933] 1025 httpx -INFO -HTTP Request: GET https://dagshub.com/api/v1/user "HTTP/1.1 200 OK"
[2025-05-30 00:11:00,935] 107 dagshub -INFO -Initialized MLflow to track repo "SamyakAnand/Health-App"
[2025-05-30 00:11:00,937] 107 dagshub -INFO -Repository SamyakAnand/Health-App initialized!
[2025-05-30 00:11:00,937] 14 root -INFO -Initiate the data ingestion
[2025-05-30 00:11:08,043] 37 root -INFO -Dataframe shape after MongoDB fetch: (303, 8)
[2025-05-30 00:11:08,051] 62 root -INFO -Performed train-test split on the dataframe.
[2025-05-30 00:11:08,053] 70 root -INFO -Exported train and test datasets successfully.
[2025-05-30 00:11:08,053] 16 root -INFO -Data Initiation Completed
[2025-05-30 00:11:08,058] 20 root -INFO -Initiate the data validation
[2025-05-30 00:11:08,082] 41 root -INFO -Required number of columns:5
[2025-05-30 00:11:08,082] 42 root -INFO -Data frame has columns:8 
[2025-05-30 00:11:08,082] 41 root -INFO -Required number of columns:5
[2025-05-30 00:11:08,082] 42 root -INFO -Data frame has columns:8 
[2025-05-30 00:11:08,106] 22 root -INFO -Completed the data validation
[2025-05-30 00:11:08,107] 26 root -INFO -data transformation started
[2025-05-30 00:11:08,107] 63 root -INFO -Starting numerical data transformation process...
[2025-05-30 00:11:08,109] 70 root -INFO -Train Data Shape: (242, 8), Test Data Shape: (61, 8)
[2025-05-30 00:11:08,110] 47 root -INFO -Initializing preprocessing pipeline for numerical data transformation.
[2025-05-30 00:11:08,119] 46 root -INFO -Entered the save_object method of MainUtils class
[2025-05-30 00:11:08,120] 50 root -INFO -Exited the save_object method of MainUtils class
[2025-05-30 00:11:08,120] 46 root -INFO -Entered the save_object method of MainUtils class
[2025-05-30 00:11:08,121] 50 root -INFO -Exited the save_object method of MainUtils class
[2025-05-30 00:11:08,121] 30 root -INFO -data transformation completed
[2025-05-30 00:11:08,121] 32 root -INFO -Model Trainng started
[2025-05-30 00:12:05,715] 46 root -INFO -Entered the save_object method of MainUtils class
[2025-05-30 00:12:05,716] 50 root -INFO -Exited the save_object method of MainUtils class
[2025-05-30 00:12:05,716] 46 root -INFO -Entered the save_object method of MainUtils class
[2025-05-30 00:12:05,717] 50 root -INFO -Exited the save_object method of MainUtils class
[2025-05-30 00:12:05,717] 130 root -INFO -Best Model: Logistic Regression
[2025-05-30 00:12:05,717] 137 root -INFO -Model trainer artifact: ModelTrainerArtifact(trained_model_file_path='healthapp/Heart\\Artifacts\\05_30_2025_00_10_54\\model_trainer\\trained_model\\heart_model.pkl', train_metric_artifact=ClassificationMetricArtifact(f1_score=0.781021897810219, precision_score=0.7379310344827587, recall_score=0.8294573643410853), test_metric_artifact=ClassificationMetricArtifact(f1_score=0.8450704225352113, precision_score=0.8571428571428571, recall_score=0.8333333333333334))
