[2025-05-29 16:02:21,319] 1025 httpx -INFO -HTTP Request: GET https://dagshub.com/api/v1/user "HTTP/1.1 200 OK"
[2025-05-29 16:02:21,324] 107 dagshub -INFO -Accessing as SamyakAnand
[2025-05-29 16:02:21,986] 1025 httpx -INFO -HTTP Request: GET https://dagshub.com/api/v1/repos/SamyakAnand/Health-App "HTTP/1.1 200 OK"
[2025-05-29 16:02:22,483] 1025 httpx -INFO -HTTP Request: GET https://dagshub.com/api/v1/user "HTTP/1.1 200 OK"
[2025-05-29 16:02:22,485] 107 dagshub -INFO -Initialized MLflow to track repo "SamyakAnand/Health-App"
[2025-05-29 16:02:22,485] 107 dagshub -INFO -Repository SamyakAnand/Health-App initialized!
[2025-05-29 16:02:22,486] 14 root -INFO -Initiate the data ingestion
[2025-05-29 16:02:29,797] 66 root -INFO -Performed train test split on the dataframe
[2025-05-29 16:02:29,797] 68 root -INFO -Exited split_data_as_train_test method of Data_Ingestion class
[2025-05-29 16:02:29,797] 76 root -INFO -Exporting train and test file path.
[2025-05-29 16:02:29,802] 85 root -INFO -Exported train and test file path.
[2025-05-29 16:02:29,802] 16 root -INFO -Data Initiation Completed
[2025-05-29 16:02:29,805] 20 root -INFO -Initiate the data validation
[2025-05-29 16:02:29,831] 41 root -INFO -Required number of columns:3
[2025-05-29 16:02:29,831] 42 root -INFO -Data frame has columns:9 
[2025-05-29 16:02:29,831] 41 root -INFO -Required number of columns:3
[2025-05-29 16:02:29,831] 42 root -INFO -Data frame has columns:9 
[2025-05-29 16:02:29,850] 22 root -INFO -Completed the data validation
[2025-05-29 16:02:29,851] 26 root -INFO -data transformation started
[2025-05-29 16:02:29,853] 75 root -INFO -Train shape: (614, 9) | Test shape: (154, 9)
[2025-05-29 16:02:29,853] 50 root -INFO -Building preprocessing pipeline …
[2025-05-29 16:02:29,854] 84 root -INFO -Fitting preprocessor on training data …
[2025-05-29 16:02:29,860] 46 root -INFO -Entered the save_object method of MainUtils class
[2025-05-29 16:02:29,862] 50 root -INFO -Exited the save_object method of MainUtils class
[2025-05-29 16:02:29,862] 46 root -INFO -Entered the save_object method of MainUtils class
[2025-05-29 16:02:29,862] 50 root -INFO -Exited the save_object method of MainUtils class
[2025-05-29 16:02:29,862] 30 root -INFO -data transformation completed
[2025-05-29 16:02:29,862] 32 root -INFO -Model Trainng started
[2025-05-29 16:03:44,286] 46 root -INFO -Entered the save_object method of MainUtils class
[2025-05-29 16:03:44,287] 50 root -INFO -Exited the save_object method of MainUtils class
[2025-05-29 16:03:44,287] 46 root -INFO -Entered the save_object method of MainUtils class
[2025-05-29 16:03:44,288] 50 root -INFO -Exited the save_object method of MainUtils class
[2025-05-29 16:03:44,288] 130 root -INFO -Best Model: Random Forest
[2025-05-29 16:03:44,288] 137 root -INFO -Model trainer artifact: ModelTrainerArtifact(trained_model_file_path='healthapp/Diabetes\\Artifacts\\05_29_2025_16_02_15\\model_trainer\\trained_model\\diabetes_model.pkl', train_metric_artifact=ClassificationMetricArtifact(f1_score=0.9904761904761905, precision_score=1.0, recall_score=0.9811320754716981), test_metric_artifact=ClassificationMetricArtifact(f1_score=0.7647058823529411, precision_score=0.8478260869565217, recall_score=0.6964285714285714))
