[2025-05-30 23:06:37,763] 1025 httpx -INFO -HTTP Request: GET https://dagshub.com/api/v1/user "HTTP/1.1 200 OK"
[2025-05-30 23:06:37,840] 107 dagshub -INFO -Accessing as SamyakAnand
[2025-05-30 23:06:39,246] 1025 httpx -INFO -HTTP Request: GET https://dagshub.com/api/v1/repos/SamyakAnand/Health-App "HTTP/1.1 200 OK"
[2025-05-30 23:06:40,119] 1025 httpx -INFO -HTTP Request: GET https://dagshub.com/api/v1/user "HTTP/1.1 200 OK"
[2025-05-30 23:06:40,120] 107 dagshub -INFO -Initialized MLflow to track repo "SamyakAnand/Health-App"
[2025-05-30 23:06:40,121] 107 dagshub -INFO -Repository SamyakAnand/Health-App initialized!
[2025-05-30 23:06:40,121] 14 root -INFO -Initiate the data ingestion
[2025-05-30 23:06:47,417] 37 root -INFO -Dataframe shape after MongoDB fetch: (303, 8)
[2025-05-30 23:06:47,425] 62 root -INFO -Performed train-test split on the dataframe.
[2025-05-30 23:06:47,427] 70 root -INFO -Exported train and test datasets successfully.
[2025-05-30 23:06:47,427] 16 root -INFO -Data Initiation Completed
[2025-05-30 23:06:47,432] 20 root -INFO -Initiate the data validation
[2025-05-30 23:06:47,451] 41 root -INFO -Required number of columns:5
[2025-05-30 23:06:47,451] 42 root -INFO -Data frame has columns:8 
[2025-05-30 23:06:47,451] 41 root -INFO -Required number of columns:5
[2025-05-30 23:06:47,451] 42 root -INFO -Data frame has columns:8 
[2025-05-30 23:06:47,468] 22 root -INFO -Completed the data validation
[2025-05-30 23:06:47,468] 26 root -INFO -data transformation started
[2025-05-30 23:06:47,468] 69 root -INFO -Starting numerical data transformation process...
[2025-05-30 23:06:47,471] 76 root -INFO -Train Data Shape (after filtering): (242, 8), Test Data Shape (after filtering): (61, 8)
[2025-05-30 23:06:47,471] 49 root -INFO -Initializing preprocessing pipeline for numerical data transformation.
[2025-05-30 23:06:47,477] 46 root -INFO -Entered the save_object method of MainUtils class
[2025-05-30 23:06:47,479] 50 root -INFO -Exited the save_object method of MainUtils class
[2025-05-30 23:06:47,479] 46 root -INFO -Entered the save_object method of MainUtils class
[2025-05-30 23:06:47,480] 50 root -INFO -Exited the save_object method of MainUtils class
[2025-05-30 23:06:47,480] 30 root -INFO -data transformation completed
[2025-05-30 23:06:47,480] 32 root -INFO -Model Trainng started
[2025-05-30 23:07:48,581] 46 root -INFO -Entered the save_object method of MainUtils class
[2025-05-30 23:07:48,581] 50 root -INFO -Exited the save_object method of MainUtils class
[2025-05-30 23:07:48,581] 46 root -INFO -Entered the save_object method of MainUtils class
[2025-05-30 23:07:48,582] 50 root -INFO -Exited the save_object method of MainUtils class
[2025-05-30 23:07:48,582] 130 root -INFO -Best Model: SVC
[2025-05-30 23:07:48,582] 137 root -INFO -Model trainer artifact: ModelTrainerArtifact(trained_model_file_path='healthapp/Heart\\Artifacts\\05_30_2025_23_06_34\\model_trainer\\trained_model\\heart_model.pkl', train_metric_artifact=ClassificationMetricArtifact(f1_score=0.8222996515679443, precision_score=0.7712418300653595, recall_score=0.8805970149253731), test_metric_artifact=ClassificationMetricArtifact(f1_score=0.7536231884057971, precision_score=0.6842105263157895, recall_score=0.8387096774193549))
