[2025-05-30 16:13:10,421] 1025 httpx -INFO -HTTP Request: GET https://dagshub.com/api/v1/user "HTTP/1.1 200 OK"
[2025-05-30 16:13:10,493] 107 dagshub -INFO -Accessing as SamyakAnand
[2025-05-30 16:13:11,052] 1025 httpx -INFO -HTTP Request: GET https://dagshub.com/api/v1/repos/SamyakAnand/Health-App "HTTP/1.1 200 OK"
[2025-05-30 16:13:11,520] 1025 httpx -INFO -HTTP Request: GET https://dagshub.com/api/v1/user "HTTP/1.1 200 OK"
[2025-05-30 16:13:11,522] 107 dagshub -INFO -Initialized MLflow to track repo "SamyakAnand/Health-App"
[2025-05-30 16:13:11,523] 107 dagshub -INFO -Repository SamyakAnand/Health-App initialized!
[2025-05-30 16:13:11,523] 14 root -INFO -Initiate the data ingestion
[2025-05-30 16:13:17,769] 43 root -INFO -MongoDB Columns: ['_id', 'id', 'diagnosis', 'radius_mean', 'texture_mean', 'perimeter_mean', 'area_mean', 'smoothness_mean', 'compactness_mean', 'concavity_mean', 'concave points_mean', 'symmetry_mean', 'fractal_dimension_mean', 'radius_se', 'texture_se', 'perimeter_se', 'area_se', 'smoothness_se', 'compactness_se', 'concavity_se', 'concave points_se', 'symmetry_se', 'fractal_dimension_se', 'radius_worst', 'texture_worst', 'perimeter_worst', 'area_worst', 'smoothness_worst', 'compactness_worst', 'concavity_worst', 'concave points_worst', 'symmetry_worst', 'fractal_dimension_worst', 'Unnamed: 32']
[2025-05-30 16:13:17,779] 63 root -INFO -Dataframe shape after MongoDB fetch and cleaning: (569, 6)
[2025-05-30 16:13:17,783] 80 root -INFO -Data saved into feature store at healthapp/Cancer\Artifacts\05_30_2025_16_13_07\data_ingestion\feature_store\cancer.csv
[2025-05-30 16:13:17,784] 91 root -INFO -Performed train-test split on the dataframe.
[2025-05-30 16:13:17,789] 99 root -INFO -Exported train and test datasets successfully.
[2025-05-30 16:13:17,789] 16 root -INFO -Data Initiation Completed
[2025-05-30 16:13:17,794] 20 root -INFO -Initiate the data validation
[2025-05-30 16:13:17,834] 41 root -INFO -Required number of columns:5
[2025-05-30 16:13:17,834] 42 root -INFO -Data frame has columns:6 
[2025-05-30 16:13:17,835] 41 root -INFO -Required number of columns:5
[2025-05-30 16:13:17,835] 42 root -INFO -Data frame has columns:6 
[2025-05-30 16:13:17,850] 22 root -INFO -Completed the data validation
[2025-05-30 16:13:17,850] 26 root -INFO -data transformation started
[2025-05-30 16:13:17,850] 94 root -INFO -Starting breast cancer data transformation process...
[2025-05-30 16:13:17,852] 50 root -INFO -Available Columns: ['area_mean', 'radius_mean', 'perimeter_mean', 'concavity_mean']
