[2025-05-30 23:19:03,639] 1025 httpx -INFO -HTTP Request: GET https://dagshub.com/api/v1/user "HTTP/1.1 200 OK"
[2025-05-30 23:19:03,644] 107 dagshub -INFO -Accessing as SamyakAnand
[2025-05-30 23:19:04,161] 1025 httpx -INFO -HTTP Request: GET https://dagshub.com/api/v1/repos/SamyakAnand/Health-App "HTTP/1.1 200 OK"
[2025-05-30 23:19:04,642] 1025 httpx -INFO -HTTP Request: GET https://dagshub.com/api/v1/user "HTTP/1.1 200 OK"
[2025-05-30 23:19:04,644] 107 dagshub -INFO -Initialized MLflow to track repo "SamyakAnand/Health-App"
[2025-05-30 23:19:04,644] 107 dagshub -INFO -Repository SamyakAnand/Health-App initialized!
[2025-05-30 23:19:04,644] 14 root -INFO -Initiate the data ingestion
[2025-05-30 23:19:12,837] 66 root -INFO -Performed train test split on the dataframe
[2025-05-30 23:19:12,837] 68 root -INFO -Exited split_data_as_train_test method of Data_Ingestion class
[2025-05-30 23:19:12,838] 76 root -INFO -Exporting train and test file path.
[2025-05-30 23:19:12,844] 85 root -INFO -Exported train and test file path.
[2025-05-30 23:19:12,844] 16 root -INFO -Data Initiation Completed
[2025-05-30 23:19:12,847] 20 root -INFO -Initiate the data validation
[2025-05-30 23:19:12,868] 41 root -INFO -Required number of columns:3
[2025-05-30 23:19:12,868] 42 root -INFO -Data frame has columns:9 
[2025-05-30 23:19:12,868] 41 root -INFO -Required number of columns:3
[2025-05-30 23:19:12,868] 42 root -INFO -Data frame has columns:9 
[2025-05-30 23:19:12,888] 22 root -INFO -Completed the data validation
[2025-05-30 23:19:12,888] 26 root -INFO -data transformation started
[2025-05-30 23:19:12,888] 52 root -INFO -Starting numerical data transformation process...
[2025-05-30 23:19:12,891] 57 root -INFO -Train Data Shape: (614, 9), Test Data Shape: (154, 9)
[2025-05-30 23:19:12,891] 36 root -INFO -Initializing preprocessing pipeline for numerical data transformation.
[2025-05-30 23:19:12,898] 46 root -INFO -Entered the save_object method of MainUtils class
[2025-05-30 23:19:12,899] 50 root -INFO -Exited the save_object method of MainUtils class
[2025-05-30 23:19:12,899] 46 root -INFO -Entered the save_object method of MainUtils class
[2025-05-30 23:19:12,899] 50 root -INFO -Exited the save_object method of MainUtils class
[2025-05-30 23:19:12,899] 30 root -INFO -data transformation completed
[2025-05-30 23:19:12,899] 32 root -INFO -Model Trainng started
[2025-05-30 23:20:44,867] 46 root -INFO -Entered the save_object method of MainUtils class
[2025-05-30 23:20:44,876] 50 root -INFO -Exited the save_object method of MainUtils class
[2025-05-30 23:20:44,876] 46 root -INFO -Entered the save_object method of MainUtils class
[2025-05-30 23:20:44,883] 50 root -INFO -Exited the save_object method of MainUtils class
[2025-05-30 23:20:44,883] 130 root -INFO -Best Model: Random Forest
[2025-05-30 23:20:44,883] 137 root -INFO -Model trainer artifact: ModelTrainerArtifact(trained_model_file_path='healthapp/Diabetes\\Artifacts\\05_30_2025_23_18_58\\model_trainer\\trained_model\\diabetes_model.pkl', train_metric_artifact=ClassificationMetricArtifact(f1_score=1.0, precision_score=1.0, recall_score=1.0), test_metric_artifact=ClassificationMetricArtifact(f1_score=0.6086956521739131, precision_score=0.6511627906976745, recall_score=0.5714285714285714))
