[2025-05-29 15:48:25,284] 1025 httpx -INFO -HTTP Request: GET https://dagshub.com/api/v1/user "HTTP/1.1 200 OK"
[2025-05-29 15:48:25,360] 107 dagshub -INFO -Accessing as SamyakAnand
[2025-05-29 15:48:26,787] 1025 httpx -INFO -HTTP Request: GET https://dagshub.com/api/v1/repos/SamyakAnand/Health-App "HTTP/1.1 200 OK"
[2025-05-29 15:48:27,742] 1025 httpx -INFO -HTTP Request: GET https://dagshub.com/api/v1/user "HTTP/1.1 200 OK"
[2025-05-29 15:48:27,744] 107 dagshub -INFO -Initialized MLflow to track repo "SamyakAnand/Health-App"
[2025-05-29 15:48:27,746] 107 dagshub -INFO -Repository SamyakAnand/Health-App initialized!
[2025-05-29 15:48:27,746] 14 root -INFO -Initiate the data ingestion
[2025-05-29 15:48:34,278] 66 root -INFO -Performed train test split on the dataframe
[2025-05-29 15:48:34,278] 68 root -INFO -Exited split_data_as_train_test method of Data_Ingestion class
[2025-05-29 15:48:34,279] 76 root -INFO -Exporting train and test file path.
[2025-05-29 15:48:34,283] 85 root -INFO -Exported train and test file path.
[2025-05-29 15:48:34,283] 16 root -INFO -Data Initiation Completed
[2025-05-29 15:48:34,293] 20 root -INFO -Initiate the data validation
[2025-05-29 15:48:34,315] 41 root -INFO -Required number of columns:3
[2025-05-29 15:48:34,315] 42 root -INFO -Data frame has columns:9 
[2025-05-29 15:48:34,315] 41 root -INFO -Required number of columns:3
[2025-05-29 15:48:34,315] 42 root -INFO -Data frame has columns:9 
[2025-05-29 15:48:34,337] 22 root -INFO -Completed the data validation
[2025-05-29 15:48:34,337] 26 root -INFO -data transformation started
[2025-05-29 15:48:34,337] 52 root -INFO -Starting numerical data transformation process...
[2025-05-29 15:48:34,339] 57 root -INFO -Train Data Shape: (614, 9), Test Data Shape: (154, 9)
[2025-05-29 15:48:34,340] 36 root -INFO -Initializing preprocessing pipeline for numerical data transformation.
[2025-05-29 15:48:34,346] 46 root -INFO -Entered the save_object method of MainUtils class
[2025-05-29 15:48:34,347] 50 root -INFO -Exited the save_object method of MainUtils class
[2025-05-29 15:48:34,347] 46 root -INFO -Entered the save_object method of MainUtils class
[2025-05-29 15:48:34,348] 50 root -INFO -Exited the save_object method of MainUtils class
[2025-05-29 15:48:34,348] 30 root -INFO -data transformation completed
[2025-05-29 15:48:34,348] 32 root -INFO -Model Trainng started
[2025-05-29 15:49:55,111] 46 root -INFO -Entered the save_object method of MainUtils class
[2025-05-29 15:49:55,113] 50 root -INFO -Exited the save_object method of MainUtils class
[2025-05-29 15:49:55,113] 46 root -INFO -Entered the save_object method of MainUtils class
[2025-05-29 15:49:55,114] 50 root -INFO -Exited the save_object method of MainUtils class
[2025-05-29 15:49:55,114] 130 root -INFO -Best Model: Gradient Boosting
[2025-05-29 15:49:55,114] 137 root -INFO -Model trainer artifact: ModelTrainerArtifact(trained_model_file_path='healthapp/Diabetes\\Artifacts\\05_29_2025_15_48_17\\model_trainer\\trained_model\\diabetes_model.pkl', train_metric_artifact=ClassificationMetricArtifact(f1_score=0.6910994764397905, precision_score=0.7904191616766467, recall_score=0.6139534883720931), test_metric_artifact=ClassificationMetricArtifact(f1_score=0.6526315789473685, precision_score=0.7380952380952381, recall_score=0.5849056603773585))
