[2025-05-30 16:27:02,103] 1025 httpx -INFO -HTTP Request: GET https://dagshub.com/api/v1/user "HTTP/1.1 200 OK"
[2025-05-30 16:27:02,111] 107 dagshub -INFO -Accessing as SamyakAnand
[2025-05-30 16:27:02,734] 1025 httpx -INFO -HTTP Request: GET https://dagshub.com/api/v1/repos/SamyakAnand/Health-App "HTTP/1.1 200 OK"
[2025-05-30 16:27:03,239] 1025 httpx -INFO -HTTP Request: GET https://dagshub.com/api/v1/user "HTTP/1.1 200 OK"
[2025-05-30 16:27:03,241] 107 dagshub -INFO -Initialized MLflow to track repo "SamyakAnand/Health-App"
[2025-05-30 16:27:03,242] 107 dagshub -INFO -Repository SamyakAnand/Health-App initialized!
[2025-05-30 16:27:03,242] 14 root -INFO -Initiate the data ingestion
[2025-05-30 16:27:10,796] 43 root -INFO -MongoDB Columns: ['_id', 'id', 'diagnosis', 'radius_mean', 'texture_mean', 'perimeter_mean', 'area_mean', 'smoothness_mean', 'compactness_mean', 'concavity_mean', 'concave points_mean', 'symmetry_mean', 'fractal_dimension_mean', 'radius_se', 'texture_se', 'perimeter_se', 'area_se', 'smoothness_se', 'compactness_se', 'concavity_se', 'concave points_se', 'symmetry_se', 'fractal_dimension_se', 'radius_worst', 'texture_worst', 'perimeter_worst', 'area_worst', 'smoothness_worst', 'compactness_worst', 'concavity_worst', 'concave points_worst', 'symmetry_worst', 'fractal_dimension_worst', 'Unnamed: 32']
[2025-05-30 16:27:10,805] 69 root -INFO -Dataframe shape after MongoDB fetch and cleaning: (569, 6)
[2025-05-30 16:27:10,810] 86 root -INFO -Data saved into feature store at healthapp/Cancer\Artifacts\05_30_2025_16_26_58\data_ingestion\feature_store\cancer.csv
[2025-05-30 16:27:10,812] 99 root -INFO -Performed train-test split on the dataframe.
[2025-05-30 16:27:10,815] 107 root -INFO -Exported train and test datasets successfully.
[2025-05-30 16:27:10,815] 16 root -INFO -Data Initiation Completed
[2025-05-30 16:27:10,819] 20 root -INFO -Initiate the data validation
[2025-05-30 16:27:10,842] 41 root -INFO -Required number of columns:5
[2025-05-30 16:27:10,842] 42 root -INFO -Data frame has columns:6 
[2025-05-30 16:27:10,842] 41 root -INFO -Required number of columns:5
[2025-05-30 16:27:10,842] 42 root -INFO -Data frame has columns:6 
[2025-05-30 16:27:10,856] 22 root -INFO -Completed the data validation
[2025-05-30 16:27:10,857] 26 root -INFO -data transformation started
[2025-05-30 16:27:10,857] 101 root -INFO -Starting breast cancer data transformation process...
[2025-05-30 16:27:10,859] 50 root -INFO -Available Columns: ['area_mean', 'radius_mean', 'perimeter_mean', 'concavity_mean']
