[2025-05-31 16:14:58,734] 1025 httpx -INFO -HTTP Request: GET https://dagshub.com/api/v1/user "HTTP/1.1 200 OK"
[2025-05-31 16:14:58,831] 107 dagshub -INFO -Accessing as SamyakAnand
[2025-05-31 16:14:59,473] 1025 httpx -INFO -HTTP Request: GET https://dagshub.com/api/v1/repos/SamyakAnand/Health-App "HTTP/1.1 200 OK"
[2025-05-31 16:15:00,359] 1025 httpx -INFO -HTTP Request: GET https://dagshub.com/api/v1/user "HTTP/1.1 200 OK"
[2025-05-31 16:15:00,370] 107 dagshub -INFO -Initialized MLflow to track repo "SamyakAnand/Health-App"
[2025-05-31 16:15:00,371] 107 dagshub -INFO -Repository SamyakAnand/Health-App initialized!
[2025-05-31 16:15:00,371] 14 root -INFO -Initiate the data ingestion
[2025-05-31 16:15:07,425] 44 root -INFO -Fetched 583 records from MongoDB.
[2025-05-31 16:15:07,450] 92 root -INFO -Data saved into feature store at healthapp/Liver\Artifacts\05_31_2025_16_14_53\data_ingestion\feature_store\liver.csv
[2025-05-31 16:15:07,460] 105 root -INFO -Performed train-test split: Train ((466, 8)), Test ((117, 8))
[2025-05-31 16:15:07,465] 112 root -INFO -Exported train and test datasets successfully.
[2025-05-31 16:15:07,466] 16 root -INFO -Data Initiation Completed
[2025-05-31 16:15:07,494] 20 root -INFO -Initiate the data validation
[2025-05-31 16:15:07,524] 41 root -INFO -Required number of columns:5
[2025-05-31 16:15:07,524] 42 root -INFO -Data frame has columns:8 
[2025-05-31 16:15:07,524] 41 root -INFO -Required number of columns:5
[2025-05-31 16:15:07,524] 42 root -INFO -Data frame has columns:8 
[2025-05-31 16:15:07,567] 22 root -INFO -Completed the data validation
[2025-05-31 16:15:07,567] 26 root -INFO -data transformation started
[2025-05-31 16:15:07,567] 82 root -INFO -Starting liver data transformation process...
[2025-05-31 16:15:07,572] 88 root -INFO -Train Data Shape (after filtering): (466, 8), Test Data Shape (after filtering): (117, 8)
[2025-05-31 16:15:07,573] 62 root -INFO -Initializing preprocessing pipeline for liver data transformation.
[2025-05-31 16:15:07,586] 46 root -INFO -Entered the save_object method of MainUtils class
[2025-05-31 16:15:07,587] 50 root -INFO -Exited the save_object method of MainUtils class
[2025-05-31 16:15:07,587] 46 root -INFO -Entered the save_object method of MainUtils class
[2025-05-31 16:15:07,589] 50 root -INFO -Exited the save_object method of MainUtils class
[2025-05-31 16:15:07,589] 129 root -INFO -Saved transformed training and testing data, and the preprocessor object.
[2025-05-31 16:15:07,589] 30 root -INFO -data transformation completed
[2025-05-31 16:15:07,590] 32 root -INFO -Model Trainng started
[2025-05-31 16:15:12,632] 76 root -INFO -Best Model: Random Forest
[2025-05-31 16:15:47,004] 46 root -INFO -Entered the save_object method of MainUtils class
[2025-05-31 16:15:47,011] 50 root -INFO -Exited the save_object method of MainUtils class
[2025-05-31 16:15:47,011] 46 root -INFO -Entered the save_object method of MainUtils class
[2025-05-31 16:15:47,016] 50 root -INFO -Exited the save_object method of MainUtils class
[2025-05-31 16:15:47,017] 105 root -INFO -Model trainer artifact created: ModelTrainerArtifact(trained_model_file_path='healthapp/Liver\\Artifacts\\05_31_2025_16_14_53\\model_trainer\\trained_model\\liver_model.pkl', train_metric_artifact=ClassificationMetricArtifact(f1_score=1.0, precision_score=1.0, recall_score=1.0), test_metric_artifact=ClassificationMetricArtifact(f1_score=0.8022598870056498, precision_score=0.7319587628865979, recall_score=0.8875))
