[2025-05-30 16:46:29,780] 1025 httpx -INFO -HTTP Request: GET https://dagshub.com/api/v1/user "HTTP/1.1 200 OK"
[2025-05-30 16:46:29,783] 107 dagshub -INFO -Accessing as SamyakAnand
[2025-05-30 16:46:30,421] 1025 httpx -INFO -HTTP Request: GET https://dagshub.com/api/v1/repos/SamyakAnand/Health-App "HTTP/1.1 200 OK"
[2025-05-30 16:46:31,069] 1025 httpx -INFO -HTTP Request: GET https://dagshub.com/api/v1/user "HTTP/1.1 200 OK"
[2025-05-30 16:46:31,072] 107 dagshub -INFO -Initialized MLflow to track repo "SamyakAnand/Health-App"
[2025-05-30 16:46:31,073] 107 dagshub -INFO -Repository SamyakAnand/Health-App initialized!
[2025-05-30 16:46:31,073] 14 root -INFO -Initiate the data ingestion
[2025-05-30 16:46:37,512] 43 root -INFO -MongoDB Columns: ['_id', 'id', 'diagnosis', 'radius_mean', 'texture_mean', 'perimeter_mean', 'area_mean', 'smoothness_mean', 'compactness_mean', 'concavity_mean', 'concave points_mean', 'symmetry_mean', 'fractal_dimension_mean', 'radius_se', 'texture_se', 'perimeter_se', 'area_se', 'smoothness_se', 'compactness_se', 'concavity_se', 'concave points_se', 'symmetry_se', 'fractal_dimension_se', 'radius_worst', 'texture_worst', 'perimeter_worst', 'area_worst', 'smoothness_worst', 'compactness_worst', 'concavity_worst', 'concave points_worst', 'symmetry_worst', 'fractal_dimension_worst', 'Unnamed: 32']
[2025-05-30 16:46:37,527] 69 root -INFO -Dataframe shape after MongoDB fetch and cleaning: (569, 6)
[2025-05-30 16:46:37,532] 86 root -INFO -Data saved into feature store at healthapp/Cancer\Artifacts\05_30_2025_16_46_25\data_ingestion\feature_store\cancer.csv
[2025-05-30 16:46:37,534] 99 root -INFO -Performed train-test split on the dataframe.
[2025-05-30 16:46:37,536] 107 root -INFO -Exported train and test datasets successfully.
[2025-05-30 16:46:37,537] 16 root -INFO -Data Initiation Completed
[2025-05-30 16:46:37,543] 20 root -INFO -Initiate the data validation
[2025-05-30 16:46:37,564] 41 root -INFO -Required number of columns:5
[2025-05-30 16:46:37,564] 42 root -INFO -Data frame has columns:6 
[2025-05-30 16:46:37,564] 41 root -INFO -Required number of columns:5
[2025-05-30 16:46:37,564] 42 root -INFO -Data frame has columns:6 
[2025-05-30 16:46:37,579] 22 root -INFO -Completed the data validation
[2025-05-30 16:46:37,580] 26 root -INFO -data transformation started
[2025-05-30 16:46:37,580] 94 root -INFO -Starting cancer data transformation process...
[2025-05-30 16:46:37,582] 44 root -INFO -Columns in validated data: ['concave points_mean', 'area_mean', 'radius_mean', 'perimeter_mean', 'concavity_mean', 'diagnosis']
[2025-05-30 16:46:37,583] 44 root -INFO -Columns in validated data: ['concave points_mean', 'area_mean', 'radius_mean', 'perimeter_mean', 'concavity_mean', 'diagnosis']
[2025-05-30 16:46:37,583] 100 root -INFO -Training data shape: (455, 5), Testing data shape: (114, 5)
[2025-05-30 16:46:37,583] 69 root -INFO -Initializing transformation pipeline for numerical data...
[2025-05-30 16:46:37,590] 46 root -INFO -Entered the save_object method of MainUtils class
[2025-05-30 16:46:37,591] 50 root -INFO -Exited the save_object method of MainUtils class
[2025-05-30 16:46:37,591] 46 root -INFO -Entered the save_object method of MainUtils class
[2025-05-30 16:46:37,592] 50 root -INFO -Exited the save_object method of MainUtils class
[2025-05-30 16:46:37,592] 121 root -INFO -\u2705 Cancer preprocessor saved successfully!
[2025-05-30 16:46:37,592] 30 root -INFO -data transformation completed
[2025-05-30 16:46:37,592] 32 root -INFO -Model Trainng started
[2025-05-30 16:47:46,606] 46 root -INFO -Entered the save_object method of MainUtils class
[2025-05-30 16:47:46,607] 50 root -INFO -Exited the save_object method of MainUtils class
[2025-05-30 16:47:46,607] 46 root -INFO -Entered the save_object method of MainUtils class
[2025-05-30 16:47:46,609] 50 root -INFO -Exited the save_object method of MainUtils class
[2025-05-30 16:47:46,609] 130 root -INFO -Best Model: Gradient Boosting
[2025-05-30 16:47:46,609] 137 root -INFO -Model trainer artifact: ModelTrainerArtifact(trained_model_file_path='healthapp/Cancer\\Artifacts\\05_30_2025_16_46_25\\model_trainer\\trained_model\\cancer_model.pkl', train_metric_artifact=ClassificationMetricArtifact(f1_score=0.9655172413793104, precision_score=0.9808917197452229, recall_score=0.9506172839506173), test_metric_artifact=ClassificationMetricArtifact(f1_score=0.9795918367346939, precision_score=1.0, recall_score=0.96))
