[2025-05-30 16:37:11,387] 1025 httpx -INFO -HTTP Request: GET https://dagshub.com/api/v1/user "HTTP/1.1 200 OK"
[2025-05-30 16:37:11,458] 107 dagshub -INFO -Accessing as SamyakAnand
[2025-05-30 16:37:12,043] 1025 httpx -INFO -HTTP Request: GET https://dagshub.com/api/v1/repos/SamyakAnand/Health-App "HTTP/1.1 200 OK"
[2025-05-30 16:37:12,984] 1025 httpx -INFO -HTTP Request: GET https://dagshub.com/api/v1/user "HTTP/1.1 200 OK"
[2025-05-30 16:37:12,987] 107 dagshub -INFO -Initialized MLflow to track repo "SamyakAnand/Health-App"
[2025-05-30 16:37:12,988] 107 dagshub -INFO -Repository SamyakAnand/Health-App initialized!
[2025-05-30 16:37:12,988] 14 root -INFO -Initiate the data ingestion
[2025-05-30 16:37:20,666] 43 root -INFO -MongoDB Columns: ['_id', 'id', 'diagnosis', 'radius_mean', 'texture_mean', 'perimeter_mean', 'area_mean', 'smoothness_mean', 'compactness_mean', 'concavity_mean', 'concave points_mean', 'symmetry_mean', 'fractal_dimension_mean', 'radius_se', 'texture_se', 'perimeter_se', 'area_se', 'smoothness_se', 'compactness_se', 'concavity_se', 'concave points_se', 'symmetry_se', 'fractal_dimension_se', 'radius_worst', 'texture_worst', 'perimeter_worst', 'area_worst', 'smoothness_worst', 'compactness_worst', 'concavity_worst', 'concave points_worst', 'symmetry_worst', 'fractal_dimension_worst', 'Unnamed: 32']
[2025-05-30 16:37:20,675] 69 root -INFO -Dataframe shape after MongoDB fetch and cleaning: (569, 6)
[2025-05-30 16:37:20,681] 86 root -INFO -Data saved into feature store at healthapp/Cancer\Artifacts\05_30_2025_16_37_06\data_ingestion\feature_store\cancer.csv
[2025-05-30 16:37:20,683] 99 root -INFO -Performed train-test split on the dataframe.
[2025-05-30 16:37:20,686] 107 root -INFO -Exported train and test datasets successfully.
[2025-05-30 16:37:20,686] 16 root -INFO -Data Initiation Completed
[2025-05-30 16:37:20,697] 20 root -INFO -Initiate the data validation
[2025-05-30 16:37:20,721] 41 root -INFO -Required number of columns:5
[2025-05-30 16:37:20,721] 42 root -INFO -Data frame has columns:6 
[2025-05-30 16:37:20,721] 41 root -INFO -Required number of columns:5
[2025-05-30 16:37:20,721] 42 root -INFO -Data frame has columns:6 
[2025-05-30 16:37:20,740] 22 root -INFO -Completed the data validation
[2025-05-30 16:37:20,740] 26 root -INFO -data transformation started
[2025-05-30 16:37:20,741] 94 root -INFO -Starting cancer data transformation process...
[2025-05-30 16:37:20,742] 44 root -INFO -Columns in validated data: ['concave points_mean', 'area_mean', 'radius_mean', 'perimeter_mean', 'concavity_mean', 'diagnosis']
[2025-05-30 16:37:20,744] 44 root -INFO -Columns in validated data: ['concave points_mean', 'area_mean', 'radius_mean', 'perimeter_mean', 'concavity_mean', 'diagnosis']
[2025-05-30 16:37:20,745] 100 root -INFO -Training data shape: (455, 5), Testing data shape: (114, 5)
[2025-05-30 16:37:20,745] 69 root -INFO -Initializing transformation pipeline for numerical data...
[2025-05-30 16:37:20,758] 46 root -INFO -Entered the save_object method of MainUtils class
[2025-05-30 16:37:20,760] 50 root -INFO -Exited the save_object method of MainUtils class
[2025-05-30 16:37:20,761] 46 root -INFO -Entered the save_object method of MainUtils class
[2025-05-30 16:37:20,762] 50 root -INFO -Exited the save_object method of MainUtils class
[2025-05-30 16:37:20,762] 121 root -INFO -\u2705 Cancer preprocessor saved successfully!
[2025-05-30 16:37:20,762] 30 root -INFO -data transformation completed
[2025-05-30 16:37:20,762] 32 root -INFO -Model Trainng started
[2025-05-30 16:38:52,026] 46 root -INFO -Entered the save_object method of MainUtils class
[2025-05-30 16:38:52,027] 50 root -INFO -Exited the save_object method of MainUtils class
[2025-05-30 16:38:52,027] 46 root -INFO -Entered the save_object method of MainUtils class
[2025-05-30 16:38:52,027] 50 root -INFO -Exited the save_object method of MainUtils class
[2025-05-30 16:38:52,027] 130 root -INFO -Best Model: Logistic Regression
[2025-05-30 16:38:52,028] 137 root -INFO -Model trainer artifact: ModelTrainerArtifact(trained_model_file_path='healthapp/Cancer\\Artifacts\\05_30_2025_16_37_06\\model_trainer\\trained_model\\cancer_model.pkl', train_metric_artifact=ClassificationMetricArtifact(f1_score=0.8742138364779874, precision_score=0.9328859060402684, recall_score=0.8224852071005917), test_metric_artifact=ClassificationMetricArtifact(f1_score=0.8888888888888888, precision_score=0.9473684210526315, recall_score=0.8372093023255814))
