[2025-05-29 17:19:31,155] 1025 httpx -INFO -HTTP Request: GET https://dagshub.com/api/v1/user "HTTP/1.1 200 OK"
[2025-05-29 17:19:31,162] 107 dagshub -INFO -Accessing as SamyakAnand
[2025-05-29 17:19:31,765] 1025 httpx -INFO -HTTP Request: GET https://dagshub.com/api/v1/repos/SamyakAnand/Health-App "HTTP/1.1 200 OK"
[2025-05-29 17:19:32,502] 1025 httpx -INFO -HTTP Request: GET https://dagshub.com/api/v1/user "HTTP/1.1 200 OK"
[2025-05-29 17:19:32,510] 107 dagshub -INFO -Initialized MLflow to track repo "SamyakAnand/Health-App"
[2025-05-29 17:19:32,510] 107 dagshub -INFO -Repository SamyakAnand/Health-App initialized!
[2025-05-29 17:19:32,510] 14 root -INFO -Initiate the data ingestion
[2025-05-29 17:19:41,512] 66 root -INFO -Performed train test split on the dataframe
[2025-05-29 17:19:41,512] 68 root -INFO -Exited split_data_as_train_test method of Data_Ingestion class
[2025-05-29 17:19:41,515] 76 root -INFO -Exporting train and test file path.
[2025-05-29 17:19:41,536] 85 root -INFO -Exported train and test file path.
[2025-05-29 17:19:41,536] 16 root -INFO -Data Initiation Completed
[2025-05-29 17:19:41,561] 20 root -INFO -Initiate the data validation
[2025-05-29 17:19:41,643] 41 root -INFO -Required number of columns:4
[2025-05-29 17:19:41,643] 42 root -INFO -Data frame has columns:9 
[2025-05-29 17:19:41,643] 41 root -INFO -Required number of columns:4
[2025-05-29 17:19:41,643] 42 root -INFO -Data frame has columns:9 
[2025-05-29 17:19:41,734] 22 root -INFO -Completed the data validation
[2025-05-29 17:19:41,734] 26 root -INFO -data transformation started
[2025-05-29 17:19:41,734] 52 root -INFO -Starting numerical data transformation process...
[2025-05-29 17:19:41,753] 57 root -INFO -Train Data Shape: (614, 9), Test Data Shape: (154, 9)
