[2025-05-30 23:18:44,072] 1025 httpx -INFO -HTTP Request: GET https://dagshub.com/api/v1/user "HTTP/1.1 200 OK"
[2025-05-30 23:18:44,137] 107 dagshub -INFO -Accessing as SamyakAnand
[2025-05-30 23:18:45,045] 1025 httpx -INFO -HTTP Request: GET https://dagshub.com/api/v1/repos/SamyakAnand/Health-App "HTTP/1.1 200 OK"
[2025-05-30 23:18:45,614] 1025 httpx -INFO -HTTP Request: GET https://dagshub.com/api/v1/user "HTTP/1.1 200 OK"
[2025-05-30 23:18:45,616] 107 dagshub -INFO -Initialized MLflow to track repo "SamyakAnand/Health-App"
[2025-05-30 23:18:45,617] 107 dagshub -INFO -Repository SamyakAnand/Health-App initialized!
[2025-05-30 23:18:45,617] 14 root -INFO -Initiate the data ingestion
[2025-05-30 23:18:52,610] 37 root -INFO -Dataframe shape after MongoDB fetch: (400, 8)
[2025-05-30 23:18:52,623] 62 root -INFO -Performed train-test split on the dataframe.
[2025-05-30 23:18:52,626] 70 root -INFO -Exported train and test datasets successfully.
[2025-05-30 23:18:52,626] 16 root -INFO -Data Initiation Completed
[2025-05-30 23:18:52,632] 20 root -INFO -Initiate the data validation
[2025-05-30 23:18:52,649] 41 root -INFO -Required number of columns:1
[2025-05-30 23:18:52,649] 42 root -INFO -Data frame has columns:8 
[2025-05-30 23:18:52,649] 41 root -INFO -Required number of columns:1
[2025-05-30 23:18:52,649] 42 root -INFO -Data frame has columns:8 
[2025-05-30 23:18:52,662] 22 root -INFO -Completed the data validation
[2025-05-30 23:18:52,662] 26 root -INFO -data transformation started
[2025-05-30 23:18:52,662] 130 root -INFO -Starting numerical data transformation process...
[2025-05-30 23:18:52,664] 52 root -WARNING -Columns for replacement not found: {'htn', 'pe', 'cad', 'dm', 'ane'}
[2025-05-30 23:18:52,668] 52 root -WARNING -Columns for replacement not found: {'htn', 'pe', 'cad', 'dm', 'ane'}
[2025-05-30 23:18:52,671] 136 root -INFO -Train Data Shape (after filtering & cleaning): (186, 8), Test Data Shape: (45, 8)
[2025-05-30 23:18:52,671] 107 root -INFO -Initializing preprocessing pipeline for numerical data transformation.
[2025-05-30 23:18:52,678] 46 root -INFO -Entered the save_object method of MainUtils class
[2025-05-30 23:18:52,680] 50 root -INFO -Exited the save_object method of MainUtils class
[2025-05-30 23:18:52,680] 46 root -INFO -Entered the save_object method of MainUtils class
[2025-05-30 23:18:52,682] 50 root -INFO -Exited the save_object method of MainUtils class
[2025-05-30 23:18:52,682] 30 root -INFO -data transformation completed
[2025-05-30 23:18:52,682] 32 root -INFO -Model Trainng started
[2025-05-30 23:19:47,892] 46 root -INFO -Entered the save_object method of MainUtils class
[2025-05-30 23:19:47,895] 50 root -INFO -Exited the save_object method of MainUtils class
[2025-05-30 23:19:47,895] 46 root -INFO -Entered the save_object method of MainUtils class
[2025-05-30 23:19:47,896] 50 root -INFO -Exited the save_object method of MainUtils class
[2025-05-30 23:19:47,896] 130 root -INFO -Best Model: Random Forest
[2025-05-30 23:19:47,896] 137 root -INFO -Model trainer artifact: ModelTrainerArtifact(trained_model_file_path='healthapp/Kidney\\Artifacts\\05_30_2025_23_18_40\\model_trainer\\trained_model\\kidney_model.pkl', train_metric_artifact=ClassificationMetricArtifact(f1_score=1.0, precision_score=1.0, recall_score=1.0), test_metric_artifact=ClassificationMetricArtifact(f1_score=1.0, precision_score=1.0, recall_score=1.0))
