[2025-05-30 15:34:05,763] 1025 httpx -INFO -HTTP Request: GET https://dagshub.com/api/v1/user "HTTP/1.1 200 OK"
[2025-05-30 15:34:05,832] 107 dagshub -INFO -Accessing as SamyakAnand
[2025-05-30 15:34:06,402] 1025 httpx -INFO -HTTP Request: GET https://dagshub.com/api/v1/repos/SamyakAnand/Health-App "HTTP/1.1 200 OK"
[2025-05-30 15:34:07,041] 1025 httpx -INFO -HTTP Request: GET https://dagshub.com/api/v1/user "HTTP/1.1 200 OK"
[2025-05-30 15:34:07,043] 107 dagshub -INFO -Initialized MLflow to track repo "SamyakAnand/Health-App"
[2025-05-30 15:34:07,045] 107 dagshub -INFO -Repository SamyakAnand/Health-App initialized!
[2025-05-30 15:34:07,045] 14 root -INFO -Initiate the data ingestion
[2025-05-30 15:34:13,534] 42 root -INFO -MongoDB Columns: ['_id', 'id', 'diagnosis', 'radius_mean', 'texture_mean', 'perimeter_mean', 'area_mean', 'smoothness_mean', 'compactness_mean', 'concavity_mean', 'concave points_mean', 'symmetry_mean', 'fractal_dimension_mean', 'radius_se', 'texture_se', 'perimeter_se', 'area_se', 'smoothness_se', 'compactness_se', 'concavity_se', 'concave points_se', 'symmetry_se', 'fractal_dimension_se', 'radius_worst', 'texture_worst', 'perimeter_worst', 'area_worst', 'smoothness_worst', 'compactness_worst', 'concavity_worst', 'concave points_worst', 'symmetry_worst', 'fractal_dimension_worst', 'Unnamed: 32']
[2025-05-30 15:34:13,537] 54 root -INFO -Dataframe shape after MongoDB fetch: (569, 6)
[2025-05-30 15:34:13,542] 75 root -INFO -Data saved into feature store at healthapp/Cancer\Artifacts\05_30_2025_15_34_02\data_ingestion\feature_store\cancer.csv
[2025-05-30 15:34:13,543] 89 root -INFO -Performed train-test split on the dataframe.
[2025-05-30 15:34:13,546] 97 root -INFO -Exported train and test datasets successfully.
[2025-05-30 15:34:13,546] 16 root -INFO -Data Initiation Completed
[2025-05-30 15:34:13,551] 20 root -INFO -Initiate the data validation
[2025-05-30 15:34:13,576] 41 root -INFO -Required number of columns:5
[2025-05-30 15:34:13,577] 42 root -INFO -Data frame has columns:6 
[2025-05-30 15:34:13,577] 41 root -INFO -Required number of columns:5
[2025-05-30 15:34:13,577] 42 root -INFO -Data frame has columns:6 
[2025-05-30 15:34:13,589] 22 root -INFO -Completed the data validation
[2025-05-30 15:34:13,590] 26 root -INFO -data transformation started
[2025-05-30 15:34:13,590] 94 root -INFO -Starting breast cancer data transformation process...
[2025-05-30 15:34:13,591] 50 root -INFO -Available Columns: ['area_mean', 'radius_mean', 'perimeter_mean', 'concavity_mean']
