[2025-05-29 23:59:19,393] 1025 httpx -INFO -HTTP Request: GET https://dagshub.com/api/v1/user "HTTP/1.1 200 OK"
[2025-05-29 23:59:19,397] 107 dagshub -INFO -Accessing as SamyakAnand
[2025-05-29 23:59:20,767] 1025 httpx -INFO -HTTP Request: GET https://dagshub.com/api/v1/repos/SamyakAnand/Health-App "HTTP/1.1 200 OK"
[2025-05-29 23:59:22,881] 1025 httpx -INFO -HTTP Request: GET https://dagshub.com/api/v1/user "HTTP/1.1 200 OK"
[2025-05-29 23:59:22,884] 107 dagshub -INFO -Initialized MLflow to track repo "SamyakAnand/Health-App"
[2025-05-29 23:59:22,884] 107 dagshub -INFO -Repository SamyakAnand/Health-App initialized!
[2025-05-29 23:59:22,884] 14 root -INFO -Initiate the data ingestion
[2025-05-29 23:59:29,405] 65 root -INFO -Performed train test split on the dataframe
[2025-05-29 23:59:29,405] 67 root -INFO -Exited split_data_as_train_test method of Data_Ingestion class
[2025-05-29 23:59:29,406] 75 root -INFO -Exporting train and test file path.
[2025-05-29 23:59:29,410] 84 root -INFO -Exported train and test file path.
[2025-05-29 23:59:29,410] 16 root -INFO -Data Initiation Completed
[2025-05-29 23:59:29,418] 20 root -INFO -Initiate the data validation
[2025-05-29 23:59:29,446] 41 root -INFO -Required number of columns:5
[2025-05-29 23:59:29,446] 42 root -INFO -Data frame has columns:14 
[2025-05-29 23:59:29,446] 41 root -INFO -Required number of columns:5
[2025-05-29 23:59:29,446] 42 root -INFO -Data frame has columns:14 
[2025-05-29 23:59:29,483] 22 root -INFO -Completed the data validation
[2025-05-29 23:59:29,484] 26 root -INFO -data transformation started
[2025-05-29 23:59:29,484] 63 root -INFO -Starting numerical data transformation process...
[2025-05-29 23:59:29,492] 70 root -INFO -Train Data Shape: (242, 8), Test Data Shape: (61, 8)
[2025-05-29 23:59:29,493] 47 root -INFO -Initializing preprocessing pipeline for numerical data transformation.
[2025-05-29 23:59:29,505] 46 root -INFO -Entered the save_object method of MainUtils class
[2025-05-29 23:59:29,506] 50 root -INFO -Exited the save_object method of MainUtils class
[2025-05-29 23:59:29,506] 46 root -INFO -Entered the save_object method of MainUtils class
[2025-05-29 23:59:29,507] 50 root -INFO -Exited the save_object method of MainUtils class
[2025-05-29 23:59:29,507] 30 root -INFO -data transformation completed
[2025-05-29 23:59:29,507] 32 root -INFO -Model Trainng started
[2025-05-30 00:00:31,168] 46 root -INFO -Entered the save_object method of MainUtils class
[2025-05-30 00:00:31,169] 50 root -INFO -Exited the save_object method of MainUtils class
[2025-05-30 00:00:31,169] 46 root -INFO -Entered the save_object method of MainUtils class
[2025-05-30 00:00:31,169] 50 root -INFO -Exited the save_object method of MainUtils class
[2025-05-30 00:00:31,170] 130 root -INFO -Best Model: SVC
[2025-05-30 00:00:31,170] 137 root -INFO -Model trainer artifact: ModelTrainerArtifact(trained_model_file_path='healthapp/Heart\\Artifacts\\05_29_2025_23_59_14\\model_trainer\\trained_model\\heart_model.pkl', train_metric_artifact=ClassificationMetricArtifact(f1_score=0.8113879003558719, precision_score=0.76, recall_score=0.8702290076335878), test_metric_artifact=ClassificationMetricArtifact(f1_score=0.7887323943661971, precision_score=0.7567567567567568, recall_score=0.8235294117647058))
