[2025-05-30 23:16:36,654] 1025 httpx -INFO -HTTP Request: GET https://dagshub.com/api/v1/user "HTTP/1.1 200 OK"
[2025-05-30 23:16:36,661] 107 dagshub -INFO -Accessing as SamyakAnand
[2025-05-30 23:16:38,212] 1025 httpx -INFO -HTTP Request: GET https://dagshub.com/api/v1/repos/SamyakAnand/Health-App "HTTP/1.1 200 OK"
[2025-05-30 23:16:39,892] 1025 httpx -INFO -HTTP Request: GET https://dagshub.com/api/v1/user "HTTP/1.1 200 OK"
[2025-05-30 23:16:39,896] 107 dagshub -INFO -Initialized MLflow to track repo "SamyakAnand/Health-App"
[2025-05-30 23:16:39,897] 107 dagshub -INFO -Repository SamyakAnand/Health-App initialized!
[2025-05-30 23:16:39,897] 14 root -INFO -Initiate the data ingestion
[2025-05-30 23:16:49,178] 44 root -INFO -Fetched 583 records from MongoDB.
[2025-05-30 23:16:49,191] 92 root -INFO -Data saved into feature store at healthapp/Liver\Artifacts\05_30_2025_23_16_32\data_ingestion\feature_store\liver.csv
[2025-05-30 23:16:49,194] 105 root -INFO -Performed train-test split: Train ((466, 8)), Test ((117, 8))
[2025-05-30 23:16:49,197] 112 root -INFO -Exported train and test datasets successfully.
[2025-05-30 23:16:49,197] 16 root -INFO -Data Initiation Completed
[2025-05-30 23:16:49,204] 20 root -INFO -Initiate the data validation
[2025-05-30 23:16:49,223] 41 root -INFO -Required number of columns:5
[2025-05-30 23:16:49,223] 42 root -INFO -Data frame has columns:8 
[2025-05-30 23:16:49,224] 41 root -INFO -Required number of columns:5
[2025-05-30 23:16:49,224] 42 root -INFO -Data frame has columns:8 
[2025-05-30 23:16:49,245] 22 root -INFO -Completed the data validation
[2025-05-30 23:16:49,245] 26 root -INFO -data transformation started
[2025-05-30 23:16:49,245] 32 root -INFO -Starting liver data transformation process...
[2025-05-30 23:16:49,246] 36 root -INFO -Data shape: (466, 8)
[2025-05-30 23:16:49,247] 55 root -INFO -Extracted feature set X: (466, 7) and target y: (466,)
[2025-05-30 23:16:49,248] 61 root -INFO -Training set shape: X: (326, 7), y: (326,)
[2025-05-30 23:16:49,248] 62 root -INFO -Testing set shape: X: (140, 7), y: (140,)
[2025-05-30 23:16:49,250] 46 root -INFO -Entered the save_object method of MainUtils class
[2025-05-30 23:16:49,250] 50 root -INFO -Exited the save_object method of MainUtils class
[2025-05-30 23:16:49,250] 72 root -INFO -Saved transformed training and testing data.
[2025-05-30 23:16:49,250] 30 root -INFO -data transformation completed
[2025-05-30 23:16:49,250] 32 root -INFO -Model Trainng started
[2025-05-30 23:17:31,770] 76 root -INFO -Best Model: Logistic Regression
[2025-05-30 23:18:01,252] 46 root -INFO -Entered the save_object method of MainUtils class
[2025-05-30 23:18:01,253] 50 root -INFO -Exited the save_object method of MainUtils class
[2025-05-30 23:18:01,253] 46 root -INFO -Entered the save_object method of MainUtils class
[2025-05-30 23:18:01,254] 50 root -INFO -Exited the save_object method of MainUtils class
[2025-05-30 23:18:01,254] 105 root -INFO -Model trainer artifact created: ModelTrainerArtifact(trained_model_file_path='healthapp/Liver\\Artifacts\\05_30_2025_23_16_32\\model_trainer\\trained_model\\liver_model.pkl', train_metric_artifact=ClassificationMetricArtifact(f1_score=0.8354898336414048, precision_score=0.7361563517915309, recall_score=0.9658119658119658), test_metric_artifact=ClassificationMetricArtifact(f1_score=0.8398268398268398, precision_score=0.751937984496124, recall_score=0.9509803921568627))
