[2025-05-30 14:05:21,631] 1025 httpx -INFO -HTTP Request: GET https://dagshub.com/api/v1/user "HTTP/1.1 200 OK"
[2025-05-30 14:05:21,635] 107 dagshub -INFO -Accessing as SamyakAnand
[2025-05-30 14:05:22,268] 1025 httpx -INFO -HTTP Request: GET https://dagshub.com/api/v1/repos/SamyakAnand/Health-App "HTTP/1.1 200 OK"
[2025-05-30 14:05:22,794] 1025 httpx -INFO -HTTP Request: GET https://dagshub.com/api/v1/user "HTTP/1.1 200 OK"
[2025-05-30 14:05:22,796] 107 dagshub -INFO -Initialized MLflow to track repo "SamyakAnand/Health-App"
[2025-05-30 14:05:22,797] 107 dagshub -INFO -Repository SamyakAnand/Health-App initialized!
[2025-05-30 14:05:22,797] 14 root -INFO -Initiate the data ingestion
[2025-05-30 14:05:28,729] 65 root -INFO -Performed train test split on the dataframe
[2025-05-30 14:05:28,729] 67 root -INFO -Exited split_data_as_train_test method of Data_Ingestion class
[2025-05-30 14:05:28,730] 75 root -INFO -Exporting train and test file path.
[2025-05-30 14:05:28,736] 84 root -INFO -Exported train and test file path.
[2025-05-30 14:05:28,736] 16 root -INFO -Data Initiation Completed
[2025-05-30 14:05:28,744] 20 root -INFO -Initiate the data validation
[2025-05-30 14:05:28,776] 41 root -INFO -Required number of columns:5
[2025-05-30 14:05:28,776] 42 root -INFO -Data frame has columns:11 
[2025-05-30 14:05:28,776] 41 root -INFO -Required number of columns:5
[2025-05-30 14:05:28,776] 42 root -INFO -Data frame has columns:11 
[2025-05-30 14:05:28,819] 22 root -INFO -Completed the data validation
[2025-05-30 14:05:28,819] 26 root -INFO -data transformation started
[2025-05-30 14:05:28,820] 64 root -INFO -Starting liver data transformation process...
[2025-05-30 14:05:28,825] 69 root -INFO -Train Data Shape (filtered): (466, 8), Test Data Shape (filtered): (117, 8)
[2025-05-30 14:05:28,826] 48 root -INFO -Initializing preprocessing pipeline for numerical data transformation.
[2025-05-30 14:05:28,849] 46 root -INFO -Entered the save_object method of MainUtils class
[2025-05-30 14:05:28,851] 50 root -INFO -Exited the save_object method of MainUtils class
[2025-05-30 14:05:28,851] 46 root -INFO -Entered the save_object method of MainUtils class
[2025-05-30 14:05:28,852] 50 root -INFO -Exited the save_object method of MainUtils class
[2025-05-30 14:05:28,852] 98 root -INFO -\u2705 Liver preprocessor saved successfully!
[2025-05-30 14:05:28,853] 30 root -INFO -data transformation completed
[2025-05-30 14:05:28,853] 32 root -INFO -Model Trainng started
[2025-05-30 14:05:34,112] 76 root -INFO -Best Model: Logistic Regression
[2025-05-30 14:05:59,074] 46 root -INFO -Entered the save_object method of MainUtils class
[2025-05-30 14:05:59,075] 50 root -INFO -Exited the save_object method of MainUtils class
[2025-05-30 14:05:59,075] 46 root -INFO -Entered the save_object method of MainUtils class
[2025-05-30 14:05:59,075] 50 root -INFO -Exited the save_object method of MainUtils class
[2025-05-30 14:05:59,075] 105 root -INFO -Model trainer artifact created: ModelTrainerArtifact(trained_model_file_path='healthapp/Liver\\Artifacts\\05_30_2025_14_05_17\\model_trainer\\trained_model\\liver_model.pkl', train_metric_artifact=ClassificationMetricArtifact(f1_score=0.8232323232323232, precision_score=0.6995708154506438, recall_score=1.0), test_metric_artifact=ClassificationMetricArtifact(f1_score=0.8695652173913043, precision_score=0.7692307692307693, recall_score=1.0))
